  main.c
C:\Users\dfwtt\OneDrive\바탕 화면\git\university_class\C\221115\Project2\Project2\main.c(17,20): warning C4474: 'scanf_s' : 서식 문자열에 전달된 인수가 너무 많습니다.
C:\Users\dfwtt\OneDrive\바탕 화면\git\university_class\C\221115\Project2\Project2\main.c(17,20): message : 자리 표시자 및 해당 매개 변수에는 variadic 인수가 1개 필요하지만 2개가 제공되었습니다.
C:\Users\dfwtt\OneDrive\바탕 화면\git\university_class\C\221115\Project2\Project2\main.c(29,10): warning C4477: 'scanf_s' : 서식 문자열 '%c'에 'unsigned int' 형식의 인수가 필요하지만 variadic 인수 2의 형식이 'size_t'입니다.
C:\Users\dfwtt\OneDrive\바탕 화면\git\university_class\C\221115\Project2\Project2\main.c(29,10): message : 이 인수는 버퍼 크기로 사용됩니다.
C:\Users\dfwtt\OneDrive\바탕 화면\git\university_class\C\221115\Project2\Project2\main.c(48,20): warning C4474: 'scanf_s' : 서식 문자열에 전달된 인수가 너무 많습니다.
C:\Users\dfwtt\OneDrive\바탕 화면\git\university_class\C\221115\Project2\Project2\main.c(48,20): message : 자리 표시자 및 해당 매개 변수에는 variadic 인수가 1개 필요하지만 2개가 제공되었습니다.
C:\Users\dfwtt\OneDrive\바탕 화면\git\university_class\C\221115\Project2\Project2\main.c(63,10): warning C4477: 'scanf_s' : 서식 문자열 '%c'에 'unsigned int' 형식의 인수가 필요하지만 variadic 인수 2의 형식이 'size_t'입니다.
C:\Users\dfwtt\OneDrive\바탕 화면\git\university_class\C\221115\Project2\Project2\main.c(63,10): message : 이 인수는 버퍼 크기로 사용됩니다.
C:\Users\dfwtt\OneDrive\바탕 화면\git\university_class\C\221115\Project2\Project2\main.c(86,10): warning C4477: 'scanf_s' : 서식 문자열 '%c'에 'unsigned int' 형식의 인수가 필요하지만 variadic 인수 2의 형식이 'size_t'입니다.
C:\Users\dfwtt\OneDrive\바탕 화면\git\university_class\C\221115\Project2\Project2\main.c(86,10): message : 이 인수는 버퍼 크기로 사용됩니다.
C:\Users\dfwtt\OneDrive\바탕 화면\git\university_class\C\221115\Project2\Project2\main.c(103,20): warning C4474: 'scanf_s' : 서식 문자열에 전달된 인수가 너무 많습니다.
C:\Users\dfwtt\OneDrive\바탕 화면\git\university_class\C\221115\Project2\Project2\main.c(103,20): message : 자리 표시자 및 해당 매개 변수에는 variadic 인수가 1개 필요하지만 2개가 제공되었습니다.
C:\Users\dfwtt\OneDrive\바탕 화면\git\university_class\C\221115\Project2\Project2\main.c(126,20): warning C4474: 'scanf_s' : 서식 문자열에 전달된 인수가 너무 많습니다.
C:\Users\dfwtt\OneDrive\바탕 화면\git\university_class\C\221115\Project2\Project2\main.c(126,20): message : 자리 표시자 및 해당 매개 변수에는 variadic 인수가 1개 필요하지만 2개가 제공되었습니다.
C:\Users\dfwtt\OneDrive\바탕 화면\git\university_class\C\221115\Project2\Project2\main.c(128,20): warning C4474: 'scanf_s' : 서식 문자열에 전달된 인수가 너무 많습니다.
C:\Users\dfwtt\OneDrive\바탕 화면\git\university_class\C\221115\Project2\Project2\main.c(128,20): message : 자리 표시자 및 해당 매개 변수에는 variadic 인수가 1개 필요하지만 2개가 제공되었습니다.
C:\Users\dfwtt\OneDrive\바탕 화면\git\university_class\C\221115\Project2\Project2\main.c(158,11): warning C4098: 'func5': 'void' 함수에서 값을 반환하고 있습니다.
C:\Users\dfwtt\OneDrive\바탕 화면\git\university_class\C\221115\Project2\Project2\main.c(161,11): warning C4098: 'func5': 'void' 함수에서 값을 반환하고 있습니다.
C:\Users\dfwtt\OneDrive\바탕 화면\git\university_class\C\221115\Project2\Project2\main.c(173,23): warning C4474: 'scanf_s' : 서식 문자열에 전달된 인수가 너무 많습니다.
C:\Users\dfwtt\OneDrive\바탕 화면\git\university_class\C\221115\Project2\Project2\main.c(173,23): message : 자리 표시자 및 해당 매개 변수에는 variadic 인수가 1개 필요하지만 2개가 제공되었습니다.
  Project2.vcxproj -> C:\Users\dfwtt\OneDrive\바탕 화면\git\university_class\C\221115\Project2\x64\Debug\Project2.exe
